[INFO] Scanning for projects...
[INFO] 
[INFO] -----------------------< com.vishal:hms-backend >-----------------------
[INFO] Building hms-backend 0.0.1-SNAPSHOT
[INFO]   from pom.xml
[INFO] --------------------------------[ jar ]---------------------------------
[INFO] 
[INFO] --- clean:3.4.1:clean (default-clean) @ hms-backend ---
[INFO] Deleting C:\Users\ACER\OneDrive\Desktop\HMS\HMS\backend\target
[INFO] 
[INFO] --- resources:3.3.1:resources (default-resources) @ hms-backend ---
[INFO] Copying 1 resource from src\main\resources to target\classes
[INFO] Copying 3 resources from src\main\resources to target\classes
[INFO] 
[INFO] --- compiler:3.14.1:compile (default-compile) @ hms-backend ---
[INFO] Recompiling the module because of changed source code.
[INFO] Compiling 86 source files with javac [debug parameters release 17] to target\classes
.\mvnw.cmd : WARNING: A 
terminally deprecated 
method in sun.misc.Unsafe 
has been called
At line:1 char:1
+ .\mvnw.cmd clean package 
-DskipTests > build_v6.log 
2>&1
+ ~~~~~~~~~~~~~~~~~~~~~~~~~
~~~~~~~~~~~~~~~~~~~~~~~~~~~
~~~~
    + CategoryInfo         
     : NotSpecifi    ed: 
(WARNING: A te    rm...has 
been call    ed:String) 
[], Rem    oteException
    + FullyQualifiedEr    
rorId : NativeComm    
andError
 
WARNING: sun.misc.Unsafe::o
bjectFieldOffset has been 
called by 
lombok.permit.Permit
WARNING: Please consider 
reporting this to the 
maintainers of class 
lombok.permit.Permit
WARNING: sun.misc.Unsafe::o
bjectFieldOffset will be 
removed in a future release
[WARNING] /C:/Users/ACER/OneDrive/Desktop/HMS/HMS/backend/src/main/java/com/vishal/hms_backend/entity/RefreshToken.java:[39,21] @Builder will ignore the initializing expression entirely. If you want the initializing expression to serve as default, add @Builder.Default. If it is not supposed to be settable during building, make the field final.
[WARNING] /C:/Users/ACER/OneDrive/Desktop/HMS/HMS/backend/src/main/java/com/vishal/hms_backend/mapper/AvailabilitySlotMapper.java:[17,22] Unmapped target properties: "id, isAvailable".
[INFO] /C:/Users/ACER/OneDrive/Desktop/HMS/HMS/backend/src/main/java/com/vishal/hms_backend/config/SecurityConfig.java: Some input files use or override a deprecated API.
[INFO] /C:/Users/ACER/OneDrive/Desktop/HMS/HMS/backend/src/main/java/com/vishal/hms_backend/config/SecurityConfig.java: Recompile with -Xlint:deprecation for details.
[INFO] 
[INFO] --- resources:3.3.1:testResources (default-testResources) @ hms-backend ---
[INFO] skip non existing resourceDirectory C:\Users\ACER\OneDrive\Desktop\HMS\HMS\backend\src\test\resources
[INFO] 
[INFO] --- compiler:3.14.1:testCompile (default-testCompile) @ hms-backend ---
[INFO] Recompiling the module because of changed dependency.
[INFO] Compiling 7 source files with javac [debug parameters release 17] to target\test-classes
[INFO] 
[INFO] --- surefire:3.5.4:test (default-test) @ hms-backend ---
[INFO] Tests are skipped.
[INFO] 
[INFO] --- jar:3.4.2:jar (default-jar) @ hms-backend ---
[INFO] Building jar: C:\Users\ACER\OneDrive\Desktop\HMS\HMS\backend\target\hms-backend-0.0.1-SNAPSHOT.jar
[INFO] 
[INFO] --- spring-boot:3.5.10:repackage (repackage) @ hms-backend ---
[INFO] Replacing main artifact C:\Users\ACER\OneDrive\Desktop\HMS\HMS\backend\target\hms-backend-0.0.1-SNAPSHOT.jar with repackaged archive, adding nested dependencies in BOOT-INF/.
[INFO] The original artifact has been renamed to C:\Users\ACER\OneDrive\Desktop\HMS\HMS\backend\target\hms-backend-0.0.1-SNAPSHOT.jar.original
[INFO] ------------------------------------------------------------------------
[INFO] BUILD SUCCESS
[INFO] ------------------------------------------------------------------------
[INFO] Total time:  12.108 s
[INFO] Finished at: 2026-03-01T15:44:43+05:30
[INFO] ------------------------------------------------------------------------
