[INFO] Scanning for projects...
[INFO] 
[INFO] -----------------------< com.vishal:hms-backend >-----------------------
[INFO] Building hms-backend 0.0.1-SNAPSHOT
[INFO]   from pom.xml
[INFO] --------------------------------[ jar ]---------------------------------
[INFO] 
[INFO] --- clean:3.4.1:clean (default-clean) @ hms-backend ---
[INFO] Deleting C:\Users\ACER\OneDrive\Desktop\HMS\HMS\backend\target
[INFO] 
[INFO] --- resources:3.3.1:resources (default-resources) @ hms-backend ---
[INFO] Copying 1 resource from src\main\resources to target\classes
[INFO] Copying 3 resources from src\main\resources to target\classes
[INFO] 
[INFO] --- compiler:3.14.1:compile (default-compile) @ hms-backend ---
[INFO] Recompiling the module because of changed source code.
[INFO] Compiling 66 source files with javac [debug parameters release 17] to target\classes
[INFO] /C:/Users/ACER/OneDrive/Desktop/HMS/HMS/backend/src/main/java/com/vishal/hms_backend/config/SecurityConfig.java: Some input files use or override a deprecated API.
[INFO] /C:/Users/ACER/OneDrive/Desktop/HMS/HMS/backend/src/main/java/com/vishal/hms_backend/config/SecurityConfig.java: Recompile with -Xlint:deprecation for details.
[INFO] -------------------------------------------------------------
[WARNING] COMPILATION WARNING : 
[INFO] -------------------------------------------------------------
[WARNING] /C:/Users/ACER/OneDrive/Desktop/HMS/HMS/backend/src/main/java/com/vishal/hms_backend/entity/RefreshToken.java:[39,21] @Builder will ignore the initializing expression entirely. If you want the initializing expression to serve as default, add @Builder.Default. If it is not supposed to be settable during building, make the field final.
[INFO] 1 warning
[INFO] -------------------------------------------------------------
[INFO] -------------------------------------------------------------
[ERROR] COMPILATION ERROR : 
[INFO] -------------------------------------------------------------
[ERROR] /C:/Users/ACER/OneDrive/Desktop/HMS/HMS/backend/src/main/java/com/vishal/hms_backend/util/JwtUtil.java:[39,17] cannot find symbol
  symbol:   method getDoctorId()
  location: variable user of type com.vishal.hms_backend.entity.User
[ERROR] /C:/Users/ACER/OneDrive/Desktop/HMS/HMS/backend/src/main/java/com/vishal/hms_backend/util/JwtUtil.java:[40,43] cannot find symbol
  symbol:   method getDoctorId()
  location: variable user of type com.vishal.hms_backend.entity.User
[ERROR] /C:/Users/ACER/OneDrive/Desktop/HMS/HMS/backend/src/main/java/com/vishal/hms_backend/controller/AuthController.java:[54,13] cannot find symbol
  symbol:   method setDoctorId(java.lang.Long)
  location: variable user of type com.vishal.hms_backend.entity.User
[ERROR] /C:/Users/ACER/OneDrive/Desktop/HMS/HMS/backend/src/main/java/com/vishal/hms_backend/service/DoctorService.java:[53,27] cannot find symbol
  symbol:   method existsByEmail(java.lang.String)
  location: variable userRepository of type com.vishal.hms_backend.repository.UserRepository
[ERROR] /C:/Users/ACER/OneDrive/Desktop/HMS/HMS/backend/src/main/java/com/vishal/hms_backend/service/PatientService.java:[53,27] cannot find symbol
  symbol:   method existsByEmail(java.lang.String)
  location: variable userRepository of type com.vishal.hms_backend.repository.UserRepository
[ERROR] /C:/Users/ACER/OneDrive/Desktop/HMS/HMS/backend/src/main/java/com/vishal/hms_backend/service/SecurityService.java:[18,20] cannot find symbol
  symbol:   method getDoctorId()
  location: variable user of type com.vishal.hms_backend.entity.User
[ERROR] /C:/Users/ACER/OneDrive/Desktop/HMS/HMS/backend/src/main/java/com/vishal/hms_backend/service/SecurityService.java:[18,50] cannot find symbol
  symbol:   method getDoctorId()
  location: variable user of type com.vishal.hms_backend.entity.User
[INFO] 7 errors 
[INFO] -------------------------------------------------------------
[INFO] ------------------------------------------------------------------------
[INFO] BUILD FAILURE
[INFO] ------------------------------------------------------------------------
[INFO] Total time:  8.452 s
[INFO] Finished at: 2026-02-27T23:30:35+05:30
[INFO] ------------------------------------------------------------------------
[ERROR] Failed to execute goal org.apache.maven.plugins:maven-compiler-plugin:3.14.1:compile (default-compile) on project hms-backend: Compilation failure: Compilation failure: 
[ERROR] /C:/Users/ACER/OneDrive/Desktop/HMS/HMS/backend/src/main/java/com/vishal/hms_backend/util/JwtUtil.java:[39,17] cannot find symbol
[ERROR]   symbol:   method getDoctorId()
[ERROR]   location: variable user of type com.vishal.hms_backend.entity.User
[ERROR] /C:/Users/ACER/OneDrive/Desktop/HMS/HMS/backend/src/main/java/com/vishal/hms_backend/util/JwtUtil.java:[40,43] cannot find symbol
[ERROR]   symbol:   method getDoctorId()
[ERROR]   location: variable user of type com.vishal.hms_backend.entity.User
[ERROR] /C:/Users/ACER/OneDrive/Desktop/HMS/HMS/backend/src/main/java/com/vishal/hms_backend/controller/AuthController.java:[54,13] cannot find symbol
[ERROR]   symbol:   method setDoctorId(java.lang.Long)
[ERROR]   location: variable user of type com.vishal.hms_backend.entity.User
[ERROR] /C:/Users/ACER/OneDrive/Desktop/HMS/HMS/backend/src/main/java/com/vishal/hms_backend/service/DoctorService.java:[53,27] cannot find symbol
[ERROR]   symbol:   method existsByEmail(java.lang.String)
[ERROR]   location: variable userRepository of type com.vishal.hms_backend.repository.UserRepository
[ERROR] /C:/Users/ACER/OneDrive/Desktop/HMS/HMS/backend/src/main/java/com/vishal/hms_backend/service/PatientService.java:[53,27] cannot find symbol
[ERROR]   symbol:   method existsByEmail(java.lang.String)
[ERROR]   location: variable userRepository of type com.vishal.hms_backend.repository.UserRepository
[ERROR] /C:/Users/ACER/OneDrive/Desktop/HMS/HMS/backend/src/main/java/com/vishal/hms_backend/service/SecurityService.java:[18,20] cannot find symbol
[ERROR]   symbol:   method getDoctorId()
[ERROR]   location: variable user of type com.vishal.hms_backend.entity.User
[ERROR] /C:/Users/ACER/OneDrive/Desktop/HMS/HMS/backend/src/main/java/com/vishal/hms_backend/service/SecurityService.java:[18,50] cannot find symbol
[ERROR]   symbol:   method getDoctorId()
[ERROR]   location: variable user of type com.vishal.hms_backend.entity.User
[ERROR] -> [Help 1]
[ERROR] 
[ERROR] To see the full stack trace of the errors, re-run Maven with the -e switch.
[ERROR] Re-run Maven using the -X switch to enable full debug logging.
[ERROR] 
[ERROR] For more information about the errors and possible solutions, please read the following articles:
[ERROR] [Help 1] http://cwiki.apache.org/confluence/display/MAVEN/MojoFailureException
