	at org.springframework.web.filter.CompositeFilter$VirtualFilterChain.doFilter(CompositeFilter.java:113) ~[spring-web-6.2.15.jar!/:6.2.15]
	at org.springframework.web.servlet.handler.HandlerMappingIntrospector.lambda$createCacheFilter$4(HandlerMappingIntrospector.java:267) ~[spring-webmvc-6.2.15.jar!/:6.2.15]
	at org.springframework.web.filter.CompositeFilter$VirtualFilterChain.doFilter(CompositeFilter.java:113) ~[spring-web-6.2.15.jar!/:6.2.15]
	at org.springframework.web.filter.CompositeFilter.doFilter(CompositeFilter.java:74) ~[spring-web-6.2.15.jar!/:6.2.15]
	at org.springframework.security.config.annotation.web.configuration.WebMvcSecurityConfiguration$CompositeFilterChainProxy.doFilter(WebMvcSecurityConfiguration.java:240) ~[spring-security-config-6.5.7.jar!/:6.5.7]
	at org.springframework.web.filter.DelegatingFilterProxy.invokeDelegate(DelegatingFilterProxy.java:362) ~[spring-web-6.2.15.jar!/:6.2.15]
	at org.springframework.web.filter.DelegatingFilterProxy.doFilter(DelegatingFilterProxy.java:278) ~[spring-web-6.2.15.jar!/:6.2.15]
	at org.apache.catalina.core.ApplicationFilterChain.internalDoFilter(ApplicationFilterChain.java:162) ~[tomcat-embed-core-10.1.50.jar!/:na]
	at org.apache.catalina.core.ApplicationFilterChain.doFilter(ApplicationFilterChain.java:138) ~[tomcat-embed-core-10.1.50.jar!/:na]
	at org.springframework.web.filter.RequestContextFilter.doFilterInternal(RequestContextFilter.java:100) ~[spring-web-6.2.15.jar!/:6.2.15]
	at org.springframework.web.filter.OncePerRequestFilter.doFilter(OncePerRequestFilter.java:116) ~[spring-web-6.2.15.jar!/:6.2.15]
	at org.apache.catalina.core.ApplicationFilterChain.internalDoFilter(ApplicationFilterChain.java:162) ~[tomcat-embed-core-10.1.50.jar!/:na]
	at org.apache.catalina.core.ApplicationFilterChain.doFilter(ApplicationFilterChain.java:138) ~[tomcat-embed-core-10.1.50.jar!/:na]
	at org.springframework.web.filter.FormContentFilter.doFilterInternal(FormContentFilter.java:93) ~[spring-web-6.2.15.jar!/:6.2.15]
	at org.springframework.web.filter.OncePerRequestFilter.doFilter(OncePerRequestFilter.java:116) ~[spring-web-6.2.15.jar!/:6.2.15]
	at org.apache.catalina.core.ApplicationFilterChain.internalDoFilter(ApplicationFilterChain.java:162) ~[tomcat-embed-core-10.1.50.jar!/:na]
	at org.apache.catalina.core.ApplicationFilterChain.doFilter(ApplicationFilterChain.java:138) ~[tomcat-embed-core-10.1.50.jar!/:na]
	at org.springframework.web.filter.CharacterEncodingFilter.doFilterInternal(CharacterEncodingFilter.java:201) ~[spring-web-6.2.15.jar!/:6.2.15]
	at org.springframework.web.filter.OncePerRequestFilter.doFilter(OncePerRequestFilter.java:116) ~[spring-web-6.2.15.jar!/:6.2.15]
	at org.apache.catalina.core.ApplicationFilterChain.internalDoFilter(ApplicationFilterChain.java:162) ~[tomcat-embed-core-10.1.50.jar!/:na]
	at org.apache.catalina.core.ApplicationFilterChain.doFilter(ApplicationFilterChain.java:138) ~[tomcat-embed-core-10.1.50.jar!/:na]
	at org.apache.catalina.core.StandardWrapperValve.invoke(StandardWrapperValve.java:165) ~[tomcat-embed-core-10.1.50.jar!/:na]
	at org.apache.catalina.core.StandardContextValve.invoke(StandardContextValve.java:88) ~[tomcat-embed-core-10.1.50.jar!/:na]
	at org.apache.catalina.authenticator.AuthenticatorBase.invoke(AuthenticatorBase.java:482) ~[tomcat-embed-core-10.1.50.jar!/:na]
	at org.apache.catalina.core.StandardHostValve.invoke(StandardHostValve.java:113) ~[tomcat-embed-core-10.1.50.jar!/:na]
	at org.apache.catalina.valves.ErrorReportValve.invoke(ErrorReportValve.java:83) ~[tomcat-embed-core-10.1.50.jar!/:na]
	at org.apache.catalina.core.StandardEngineValve.invoke(StandardEngineValve.java:72) ~[tomcat-embed-core-10.1.50.jar!/:na]
	at org.apache.catalina.connector.CoyoteAdapter.service(CoyoteAdapter.java:342) ~[tomcat-embed-core-10.1.50.jar!/:na]
	at org.apache.coyote.http11.Http11Processor.service(Http11Processor.java:399) ~[tomcat-embed-core-10.1.50.jar!/:na]
	at org.apache.coyote.AbstractProcessorLight.process(AbstractProcessorLight.java:63) ~[tomcat-embed-core-10.1.50.jar!/:na]
	at org.apache.coyote.AbstractProtocol$ConnectionHandler.process(AbstractProtocol.java:903) ~[tomcat-embed-core-10.1.50.jar!/:na]
	at org.apache.tomcat.util.net.NioEndpoint$SocketProcessor.doRun(NioEndpoint.java:1774) ~[tomcat-embed-core-10.1.50.jar!/:na]
	at org.apache.tomcat.util.net.SocketProcessorBase.run(SocketProcessorBase.java:52) ~[tomcat-embed-core-10.1.50.jar!/:na]
	at org.apache.tomcat.util.threads.ThreadPoolExecutor.runWorker(ThreadPoolExecutor.java:973) ~[tomcat-embed-core-10.1.50.jar!/:na]
	at org.apache.tomcat.util.threads.ThreadPoolExecutor$Worker.run(ThreadPoolExecutor.java:491) ~[tomcat-embed-core-10.1.50.jar!/:na]
	at org.apache.tomcat.util.threads.TaskThread$WrappingRunnable.run(TaskThread.java:63) ~[tomcat-embed-core-10.1.50.jar!/:na]
	at java.base/java.lang.Thread.run(Thread.java:833) ~[na:na]

Hibernate: select u1_0.id,u1_0.account_locked,u1_0.created_at,u1_0.created_by,u1_0.email,u1_0.enabled,u1_0.last_login,u1_0.login_count,u1_0.name,u1_0.password,u1_0.password_changed_at,u1_0.password_reset_expiry,u1_0.password_reset_token,u1_0.role,u1_0.updated_at,u1_0.updated_by,u1_0.username from users u1_0 where u1_0.id=?
Hibernate: select dp1_0.id,dp1_0.contact_number,dp1_0.qualifications,dp1_0.user_id from doctor_profiles dp1_0 where dp1_0.user_id=?
Hibernate: select u1_0.id,u1_0.account_locked,u1_0.created_at,u1_0.created_by,u1_0.email,u1_0.enabled,u1_0.last_login,u1_0.login_count,u1_0.name,u1_0.password,u1_0.password_changed_at,u1_0.password_reset_expiry,u1_0.password_reset_token,u1_0.role,u1_0.updated_at,u1_0.updated_by,u1_0.username from users u1_0 where u1_0.id=?
Hibernate: select pp1_0.id,pp1_0.address,pp1_0.allergies,pp1_0.blood_group,pp1_0.contact_number,pp1_0.created_at,pp1_0.date_of_birth,pp1_0.emergency_contact,pp1_0.first_name,pp1_0.gender,pp1_0.last_name,pp1_0.medical_history,pp1_0.updated_at,pp1_0.user_id from patient_profiles pp1_0 where pp1_0.user_id=?
2026-03-01T15:53:07.171+05:30  INFO 12416 --- [hms-backend] [nio-8080-exec-9] c.v.h.controller.WebSocketController     : Broadcasting appointment update: COMPLETED
2026-03-01T15:53:07.171+05:30  INFO 12416 --- [hms-backend] [nio-8080-exec-9] c.v.h.controller.WebSocketController     : Sending appointment update to user patient: COMPLETED
2026-03-01T15:53:07.171+05:30  INFO 12416 --- [hms-backend] [nio-8080-exec-9] c.v.h.controller.WebSocketController     : Sending appointment update to user dr_feedback: COMPLETED
Hibernate: update appointments set created_at=?,created_by=?,doctor_id=?,end_time=?,notes=?,patient_id=?,reason=?,slot_time=?,status=?,updated_at=? where id=?
Hibernate: select u1_0.id,u1_0.account_locked,u1_0.created_at,u1_0.created_by,u1_0.email,u1_0.enabled,u1_0.last_login,u1_0.login_count,u1_0.name,u1_0.password,u1_0.password_changed_at,u1_0.password_reset_expiry,u1_0.password_reset_token,u1_0.role,u1_0.updated_at,u1_0.updated_by,u1_0.username from users u1_0 where u1_0.username=? or u1_0.email=?
Hibernate: select dp1_0.id,dp1_0.contact_number,dp1_0.qualifications,dp1_0.user_id from doctor_profiles dp1_0 where dp1_0.user_id=?
Hibernate: select pp1_0.id,pp1_0.address,pp1_0.allergies,pp1_0.blood_group,pp1_0.contact_number,pp1_0.created_at,pp1_0.date_of_birth,pp1_0.emergency_contact,pp1_0.first_name,pp1_0.gender,pp1_0.last_name,pp1_0.medical_history,pp1_0.updated_at,pp1_0.user_id from patient_profiles pp1_0 where pp1_0.user_id=?
Hibernate: select u1_0.id from users u1_0 where u1_0.username=? limit ?
