
Best regards,
Hospital Management System
2026-03-01T15:36:31.849+05:30  INFO 2180 --- [hms-backend] [io-8080-exec-10] c.v.h.controller.WebSocketController     : Broadcasting appointment update: CREATED
2026-03-01T15:36:31.855+05:30  INFO 2180 --- [hms-backend] [io-8080-exec-10] c.v.h.controller.WebSocketController     : Sending appointment update to user patient: CREATED
2026-03-01T15:36:31.857+05:30  INFO 2180 --- [hms-backend] [io-8080-exec-10] c.v.h.controller.WebSocketController     : Sending appointment update to user doctor: CREATED
Hibernate: select u1_0.id,u1_0.account_locked,u1_0.created_at,u1_0.created_by,u1_0.email,u1_0.enabled,u1_0.last_login,u1_0.login_count,u1_0.name,u1_0.password,u1_0.password_changed_at,u1_0.password_reset_expiry,u1_0.password_reset_token,u1_0.role,u1_0.updated_at,u1_0.updated_by,u1_0.username from users u1_0 where u1_0.username=? or u1_0.email=?
Hibernate: select dp1_0.id,dp1_0.contact_number,dp1_0.qualifications,dp1_0.user_id from doctor_profiles dp1_0 where dp1_0.user_id=?
Hibernate: select pp1_0.id,pp1_0.address,pp1_0.allergies,pp1_0.blood_group,pp1_0.contact_number,pp1_0.created_at,pp1_0.date_of_birth,pp1_0.emergency_contact,pp1_0.first_name,pp1_0.gender,pp1_0.last_name,pp1_0.medical_history,pp1_0.updated_at,pp1_0.user_id from patient_profiles pp1_0 where pp1_0.user_id=?
Hibernate: select pp1_0.id,pp1_0.address,pp1_0.allergies,pp1_0.blood_group,pp1_0.contact_number,pp1_0.created_at,pp1_0.date_of_birth,pp1_0.emergency_contact,pp1_0.first_name,pp1_0.gender,pp1_0.last_name,pp1_0.medical_history,pp1_0.updated_at,pp1_0.user_id from patient_profiles pp1_0 where pp1_0.id=?
Hibernate: select dp1_0.id,dp1_0.contact_number,dp1_0.qualifications,dp1_0.user_id from doctor_profiles dp1_0 where dp1_0.id=?
Hibernate: select count(a1_0.id)>0 from appointments a1_0 where a1_0.doctor_id=? and a1_0.status not in ('CANCELLED','NO_SHOW') and ((a1_0.slot_time<? and a1_0.end_time>?))
2026-03-01T15:36:53.781+05:30  WARN 2180 --- [hms-backend] [nio-8080-exec-5] c.v.h.service.AppointmentService         : Overlap detected for doctor 1 at 2026-03-03T10:00
2026-03-01T15:36:53.781+05:30  INFO 2180 --- [hms-backend] [nio-8080-exec-5] c.v.h.service.AppointmentService         : Suggesting alternatives for doctor 1 around 2026-03-03T10:00
Hibernate: select count(a1_0.id)>0 from appointments a1_0 where a1_0.doctor_id=? and a1_0.status not in ('CANCELLED','NO_SHOW') and ((a1_0.slot_time<? and a1_0.end_time>?))
Hibernate: select count(a1_0.id)>0 from appointments a1_0 where a1_0.doctor_id=? and a1_0.status not in ('CANCELLED','NO_SHOW') and ((a1_0.slot_time<? and a1_0.end_time>?))
Hibernate: select count(a1_0.id)>0 from appointments a1_0 where a1_0.doctor_id=? and a1_0.status not in ('CANCELLED','NO_SHOW') and ((a1_0.slot_time<? and a1_0.end_time>?))
Hibernate: select u1_0.id,u1_0.account_locked,u1_0.created_at,u1_0.created_by,u1_0.email,u1_0.enabled,u1_0.last_login,u1_0.login_count,u1_0.name,u1_0.password,u1_0.password_changed_at,u1_0.password_reset_expiry,u1_0.password_reset_token,u1_0.role,u1_0.updated_at,u1_0.updated_by,u1_0.username from users u1_0 where u1_0.id=?
Hibernate: select pp1_0.id,pp1_0.address,pp1_0.allergies,pp1_0.blood_group,pp1_0.contact_number,pp1_0.created_at,pp1_0.date_of_birth,pp1_0.emergency_contact,pp1_0.first_name,pp1_0.gender,pp1_0.last_name,pp1_0.medical_history,pp1_0.updated_at,pp1_0.user_id from patient_profiles pp1_0 where pp1_0.user_id=?
Hibernate: select u1_0.id,u1_0.account_locked,u1_0.created_at,u1_0.created_by,u1_0.email,u1_0.enabled,u1_0.last_login,u1_0.login_count,u1_0.name,u1_0.password,u1_0.password_changed_at,u1_0.password_reset_expiry,u1_0.password_reset_token,u1_0.role,u1_0.updated_at,u1_0.updated_by,u1_0.username from users u1_0 where u1_0.username=? or u1_0.email=?
Hibernate: select dp1_0.id,dp1_0.contact_number,dp1_0.qualifications,dp1_0.user_id from doctor_profiles dp1_0 where dp1_0.user_id=?
Hibernate: select pp1_0.id,pp1_0.address,pp1_0.allergies,pp1_0.blood_group,pp1_0.contact_number,pp1_0.created_at,pp1_0.date_of_birth,pp1_0.emergency_contact,pp1_0.first_name,pp1_0.gender,pp1_0.last_name,pp1_0.medical_history,pp1_0.updated_at,pp1_0.user_id from patient_profiles pp1_0 where pp1_0.user_id=?
Hibernate: select pp1_0.id,pp1_0.address,pp1_0.allergies,pp1_0.blood_group,pp1_0.contact_number,pp1_0.created_at,pp1_0.date_of_birth,pp1_0.emergency_contact,pp1_0.first_name,pp1_0.gender,pp1_0.last_name,pp1_0.medical_history,pp1_0.updated_at,pp1_0.user_id from patient_profiles pp1_0 where pp1_0.id=?
Hibernate: select dp1_0.id,dp1_0.contact_number,dp1_0.qualifications,dp1_0.user_id from doctor_profiles dp1_0 where dp1_0.id=?
Hibernate: select count(a1_0.id)>0 from appointments a1_0 where a1_0.doctor_id=? and a1_0.status not in ('CANCELLED','NO_SHOW') and ((a1_0.slot_time<? and a1_0.end_time>?))
2026-03-01T15:37:10.993+05:30  WARN 2180 --- [hms-backend] [nio-8080-exec-7] c.v.h.service.AppointmentService         : Overlap detected for doctor 1 at 2026-03-03T10:00
2026-03-01T15:37:10.993+05:30  INFO 2180 --- [hms-backend] [nio-8080-exec-7] c.v.h.service.AppointmentService         : Suggesting alternatives for doctor 1 around 2026-03-03T10:00
Hibernate: select count(a1_0.id)>0 from appointments a1_0 where a1_0.doctor_id=? and a1_0.status not in ('CANCELLED','NO_SHOW') and ((a1_0.slot_time<? and a1_0.end_time>?))
Hibernate: select count(a1_0.id)>0 from appointments a1_0 where a1_0.doctor_id=? and a1_0.status not in ('CANCELLED','NO_SHOW') and ((a1_0.slot_time<? and a1_0.end_time>?))
Hibernate: select count(a1_0.id)>0 from appointments a1_0 where a1_0.doctor_id=? and a1_0.status not in ('CANCELLED','NO_SHOW') and ((a1_0.slot_time<? and a1_0.end_time>?))
Hibernate: select u1_0.id,u1_0.account_locked,u1_0.created_at,u1_0.created_by,u1_0.email,u1_0.enabled,u1_0.last_login,u1_0.login_count,u1_0.name,u1_0.password,u1_0.password_changed_at,u1_0.password_reset_expiry,u1_0.password_reset_token,u1_0.role,u1_0.updated_at,u1_0.updated_by,u1_0.username from users u1_0 where u1_0.id=?
Hibernate: select pp1_0.id,pp1_0.address,pp1_0.allergies,pp1_0.blood_group,pp1_0.contact_number,pp1_0.created_at,pp1_0.date_of_birth,pp1_0.emergency_contact,pp1_0.first_name,pp1_0.gender,pp1_0.last_name,pp1_0.medical_history,pp1_0.updated_at,pp1_0.user_id from patient_profiles pp1_0 where pp1_0.user_id=?
Hibernate: select u1_0.id,u1_0.account_locked,u1_0.created_at,u1_0.created_by,u1_0.email,u1_0.enabled,u1_0.last_login,u1_0.login_count,u1_0.name,u1_0.password,u1_0.password_changed_at,u1_0.password_reset_expiry,u1_0.password_reset_token,u1_0.role,u1_0.updated_at,u1_0.updated_by,u1_0.username from users u1_0 where u1_0.username=? or u1_0.email=?
Hibernate: select dp1_0.id,dp1_0.contact_number,dp1_0.qualifications,dp1_0.user_id from doctor_profiles dp1_0 where dp1_0.user_id=?
Hibernate: select pp1_0.id,pp1_0.address,pp1_0.allergies,pp1_0.blood_group,pp1_0.contact_number,pp1_0.created_at,pp1_0.date_of_birth,pp1_0.emergency_contact,pp1_0.first_name,pp1_0.gender,pp1_0.last_name,pp1_0.medical_history,pp1_0.updated_at,pp1_0.user_id from patient_profiles pp1_0 where pp1_0.user_id=?
Hibernate: select a1_0.id,a1_0.created_at,a1_0.created_by,a1_0.doctor_id,a1_0.end_time,a1_0.notes,a1_0.patient_id,a1_0.reason,a1_0.slot_time,a1_0.status,a1_0.updated_at from appointments a1_0 left join patient_profiles p1_0 on p1_0.id=a1_0.patient_id where p1_0.id=? order by a1_0.slot_time desc
Hibernate: select pp1_0.id,pp1_0.address,pp1_0.allergies,pp1_0.blood_group,pp1_0.contact_number,pp1_0.created_at,pp1_0.date_of_birth,pp1_0.emergency_contact,pp1_0.first_name,pp1_0.gender,pp1_0.last_name,pp1_0.medical_history,pp1_0.updated_at,pp1_0.user_id from patient_profiles pp1_0 where pp1_0.id=?
Hibernate: select u1_0.id,u1_0.account_locked,u1_0.created_at,u1_0.created_by,u1_0.email,u1_0.enabled,u1_0.last_login,u1_0.login_count,u1_0.name,u1_0.password,u1_0.password_changed_at,u1_0.password_reset_expiry,u1_0.password_reset_token,u1_0.role,u1_0.updated_at,u1_0.updated_by,u1_0.username from users u1_0 where u1_0.id=?
Hibernate: select dp1_0.id,dp1_0.contact_number,dp1_0.qualifications,dp1_0.user_id from doctor_profiles dp1_0 where dp1_0.user_id=?
Hibernate: select dp1_0.id,dp1_0.contact_number,dp1_0.qualifications,dp1_0.user_id from doctor_profiles dp1_0 where dp1_0.id=?
Hibernate: select u1_0.id,u1_0.account_locked,u1_0.created_at,u1_0.created_by,u1_0.email,u1_0.enabled,u1_0.last_login,u1_0.login_count,u1_0.name,u1_0.password,u1_0.password_changed_at,u1_0.password_reset_expiry,u1_0.password_reset_token,u1_0.role,u1_0.updated_at,u1_0.updated_by,u1_0.username from users u1_0 where u1_0.id=?
Hibernate: select pp1_0.id,pp1_0.address,pp1_0.allergies,pp1_0.blood_group,pp1_0.contact_number,pp1_0.created_at,pp1_0.date_of_birth,pp1_0.emergency_contact,pp1_0.first_name,pp1_0.gender,pp1_0.last_name,pp1_0.medical_history,pp1_0.updated_at,pp1_0.user_id from patient_profiles pp1_0 where pp1_0.user_id=?
Hibernate: select u1_0.id,u1_0.account_locked,u1_0.created_at,u1_0.created_by,u1_0.email,u1_0.enabled,u1_0.last_login,u1_0.login_count,u1_0.name,u1_0.password,u1_0.password_changed_at,u1_0.password_reset_expiry,u1_0.password_reset_token,u1_0.role,u1_0.updated_at,u1_0.updated_by,u1_0.username from users u1_0 where u1_0.username=? or u1_0.email=?
Hibernate: select dp1_0.id,dp1_0.contact_number,dp1_0.qualifications,dp1_0.user_id from doctor_profiles dp1_0 where dp1_0.user_id=?
Hibernate: select pp1_0.id,pp1_0.address,pp1_0.allergies,pp1_0.blood_group,pp1_0.contact_number,pp1_0.created_at,pp1_0.date_of_birth,pp1_0.emergency_contact,pp1_0.first_name,pp1_0.gender,pp1_0.last_name,pp1_0.medical_history,pp1_0.updated_at,pp1_0.user_id from patient_profiles pp1_0 where pp1_0.user_id=?
Hibernate: insert into audit_logs (action,changed_at,changed_by,entity_id,entity_type,ip_address,new_values,old_values,user_agent) values (?,?,?,?,?,?,?,?,?)
Hibernate: select u1_0.id,u1_0.account_locked,u1_0.created_at,u1_0.created_by,u1_0.email,u1_0.enabled,u1_0.last_login,u1_0.login_count,u1_0.name,u1_0.password,u1_0.password_changed_at,u1_0.password_reset_expiry,u1_0.password_reset_token,u1_0.role,u1_0.updated_at,u1_0.updated_by,u1_0.username from users u1_0 where u1_0.username=? or u1_0.email=?
Hibernate: select dp1_0.id,dp1_0.contact_number,dp1_0.qualifications,dp1_0.user_id from doctor_profiles dp1_0 where dp1_0.user_id=?
Hibernate: select pp1_0.id,pp1_0.address,pp1_0.allergies,pp1_0.blood_group,pp1_0.contact_number,pp1_0.created_at,pp1_0.date_of_birth,pp1_0.emergency_contact,pp1_0.first_name,pp1_0.gender,pp1_0.last_name,pp1_0.medical_history,pp1_0.updated_at,pp1_0.user_id from patient_profiles pp1_0 where pp1_0.user_id=?
Hibernate: select dp1_0.id,dp1_0.contact_number,dp1_0.qualifications,dp1_0.user_id from doctor_profiles dp1_0
