[INFO] Scanning for projects...
[INFO] 
[INFO] -----------------------< com.vishal:hms-backend >-----------------------
[INFO] Building hms-backend 0.0.1-SNAPSHOT
[INFO]   from pom.xml
[INFO] --------------------------------[ jar ]---------------------------------
[INFO] 
[INFO] --- resources:3.3.1:resources (default-resources) @ hms-backend ---
[INFO] Copying 1 resource from src\main\resources to target\classes
[INFO] Copying 3 resources from src\main\resources to target\classes
[INFO] 
[INFO] --- compiler:3.14.1:compile (default-compile) @ hms-backend ---
[INFO] Recompiling the module because of changed source code.
[INFO] Compiling 60 source files with javac [debug parameters release 17] to target\classes
[INFO] /C:/Users/ACER/OneDrive/Desktop/HMS/HMS/backend/src/main/java/com/vishal/hms_backend/config/SecurityConfig.java: Some input files use or override a deprecated API.
[INFO] /C:/Users/ACER/OneDrive/Desktop/HMS/HMS/backend/src/main/java/com/vishal/hms_backend/config/SecurityConfig.java: Recompile with -Xlint:deprecation for details.
[INFO] Some messages have been simplified; recompile with -Xdiags:verbose to get full output
[INFO] -------------------------------------------------------------
[WARNING] COMPILATION WARNING : 
[INFO] -------------------------------------------------------------
[WARNING] /C:/Users/ACER/OneDrive/Desktop/HMS/HMS/backend/src/main/java/com/vishal/hms_backend/entity/RefreshToken.java:[39,21] @Builder will ignore the initializing expression entirely. If you want the initializing expression to serve as default, add @Builder.Default. If it is not supposed to be settable during building, make the field final.
[WARNING] /C:/Users/ACER/OneDrive/Desktop/HMS/HMS/backend/src/main/java/com/vishal/hms_backend/mapper/DoctorMapper.java:[13,12] Unmapped target property: "id".
[WARNING] /C:/Users/ACER/OneDrive/Desktop/HMS/HMS/backend/src/main/java/com/vishal/hms_backend/mapper/PatientMapper.java:[13,13] Unmapped target property: "id".
[INFO] 3 warnings 
[INFO] -------------------------------------------------------------
[INFO] -------------------------------------------------------------
[ERROR] COMPILATION ERROR : 
[INFO] -------------------------------------------------------------
[ERROR] /C:/Users/ACER/OneDrive/Desktop/HMS/HMS/backend/src/main/java/com/vishal/hms_backend/config/OpenApiConfig.java:[29,25] cannot find symbol
  symbol:   method name(java.lang.String)
  location: class io.swagger.v3.oas.models.security.SecurityRequirement
[ERROR] /C:/Users/ACER/OneDrive/Desktop/HMS/HMS/backend/src/main/java/com/vishal/hms_backend/config/OpenApiConfig.java:[34,37] incompatible types: java.lang.String cannot be converted to io.swagger.v3.oas.models.security.SecurityScheme.In
[INFO] 2 errors 
[INFO] -------------------------------------------------------------
[INFO] ------------------------------------------------------------------------
[INFO] BUILD FAILURE
[INFO] ------------------------------------------------------------------------
[INFO] Total time:  7.383 s
[INFO] Finished at: 2026-02-22T15:45:45+05:30
[INFO] ------------------------------------------------------------------------
[ERROR] Failed to execute goal org.apache.maven.plugins:maven-compiler-plugin:3.14.1:compile (default-compile) on project hms-backend: Compilation failure: Compilation failure: 
[ERROR] /C:/Users/ACER/OneDrive/Desktop/HMS/HMS/backend/src/main/java/com/vishal/hms_backend/config/OpenApiConfig.java:[29,25] cannot find symbol
[ERROR]   symbol:   method name(java.lang.String)
[ERROR]   location: class io.swagger.v3.oas.models.security.SecurityRequirement
[ERROR] /C:/Users/ACER/OneDrive/Desktop/HMS/HMS/backend/src/main/java/com/vishal/hms_backend/config/OpenApiConfig.java:[34,37] incompatible types: java.lang.String cannot be converted to io.swagger.v3.oas.models.security.SecurityScheme.In
[ERROR] -> [Help 1]
[ERROR] 
[ERROR] To see the full stack trace of the errors, re-run Maven with the -e switch.
[ERROR] Re-run Maven using the -X switch to enable full debug logging.
[ERROR] 
[ERROR] For more information about the errors and possible solutions, please read the following articles:
[ERROR] [Help 1] http://cwiki.apache.org/confluence/display/MAVEN/MojoFailureException
