[INFO] Scanning for projects...
[INFO] 
[INFO] -----------------------< com.vishal:hms-backend >-----------------------
[INFO] Building hms-backend 0.0.1-SNAPSHOT
[INFO]   from pom.xml
[INFO] --------------------------------[ jar ]---------------------------------
[INFO] 
[INFO] >>> spring-boot:3.5.10:run (default-cli) > test-compile @ hms-backend >>>
[INFO] 
[INFO] --- resources:3.3.1:resources (default-resources) @ hms-backend ---
[INFO] Copying 1 resource from src\main\resources to target\classes
[INFO] Copying 0 resource from src\main\resources to target\classes
[INFO] 
[INFO] --- compiler:3.14.1:compile (default-compile) @ hms-backend ---
[INFO] Recompiling the module because of changed source code.
[INFO] Compiling 41 source files with javac [debug parameters release 17] to target\classes
[INFO] -------------------------------------------------------------
[WARNING] COMPILATION WARNING : 
[INFO] -------------------------------------------------------------
[WARNING] /C:/Users/ACER/OneDrive/Desktop/HMS/HMS/backend/src/main/java/com/vishal/hms_backend/mapper/DoctorMapper.java:[13,12] Unmapped target property: "id".
[WARNING] /C:/Users/ACER/OneDrive/Desktop/HMS/HMS/backend/src/main/java/com/vishal/hms_backend/mapper/PatientMapper.java:[13,13] Unmapped target property: "id".
[INFO] 2 warnings 
[INFO] -------------------------------------------------------------
[INFO] -------------------------------------------------------------
[ERROR] COMPILATION ERROR : 
[INFO] -------------------------------------------------------------
[ERROR] /C:/Users/ACER/OneDrive/Desktop/HMS/HMS/backend/target/generated-sources/annotations/com/vishal/hms_backend/mapper/AppointmentMapperImpl.java: error reading C:\Users\ACER\OneDrive\Desktop\HMS\HMS\backend\target\generated-sources\annotations\com\vishal\hms_backend\mapper\AppointmentMapperImpl.java; C:\Users\ACER\OneDrive\Desktop\HMS\HMS\backend\target\generated-sources\annotations\com\vishal\hms_backend\mapper\AppointmentMapperImpl.java
[INFO] 1 error
[INFO] -------------------------------------------------------------
[INFO] ------------------------------------------------------------------------
[INFO] BUILD FAILURE
[INFO] ------------------------------------------------------------------------
[INFO] Total time:  13.077 s
[INFO] Finished at: 2026-02-07T13:40:26+05:30
[INFO] ------------------------------------------------------------------------
[ERROR] Failed to execute goal org.apache.maven.plugins:maven-compiler-plugin:3.14.1:compile (default-compile) on project hms-backend: Compilation failure
[ERROR] /C:/Users/ACER/OneDrive/Desktop/HMS/HMS/backend/target/generated-sources/annotations/com/vishal/hms_backend/mapper/AppointmentMapperImpl.java: error reading C:\Users\ACER\OneDrive\Desktop\HMS\HMS\backend\target\generated-sources\annotations\com\vishal\hms_backend\mapper\AppointmentMapperImpl.java; C:\Users\ACER\OneDrive\Desktop\HMS\HMS\backend\target\generated-sources\annotations\com\vishal\hms_backend\mapper\AppointmentMapperImpl.java
[ERROR] 
[ERROR] -> [Help 1]
[ERROR] 
[ERROR] To see the full stack trace of the errors, re-run Maven with the -e switch.
[ERROR] Re-run Maven using the -X switch to enable full debug logging.
[ERROR] 
[ERROR] For more information about the errors and possible solutions, please read the following articles:
[ERROR] [Help 1] http://cwiki.apache.org/confluence/display/MAVEN/MojoFailureException
