--- Step 1: Authentication & Role Setup ---
Registering Admin...
Admin Registration: System.Net.HttpWebResponse
Registering Receptionist...
Receptionist Registration: System.Net.HttpWebResponse
Logging in as Admin...
Admin Token received.
Logging in as Receptionist...
Receptionist Token received.

--- Step 2: Doctor Management ---
Creating Doctor as Admin...
Doctor Created with ID: 

--- Step 3: Link User to Doctor ---
Registering Doctor User...
Doctor User Registration: System.Net.HttpWebResponse
Logging in as Doctor...
Doctor Token received.

--- Step 4: Patient Management ---
Creating Patient as Admin...
Patient Created with ID: 

--- Step 5: Appointment Booking & Conflict Logic ---
Booking Appointment as Receptionist...
Appointment Booked: 
Testing Overlap Conflict...
Warning: Conflict NOT detected as expected.

--- Step 6: Dashboard Statistics ---
Accessing Dashboard as Admin...
Stats: Total Patients: , Total Doctors: 

--- VERIFICATION COMPLETE ---
