--- Step 1: Authentication & Role Setup ---
Registering Admin (admin_3826)...
Registering Receptionist (rece_3826)...
Logging in as Admin...
Logging in as Receptionist...

--- Step 2: Doctor Management ---
Creating Doctor as Admin...
Doctor Created with ID: 3

--- Step 3: Link User to Doctor ---
Registering Doctor User (dr_smith_3826)...
Logging in as Doctor...

--- Step 4: Patient Management ---
Creating Patient as Admin...
Patient Created with ID: 39

--- Step 5: Appointment Booking & Conflict Logic ---
Booking Appointment as Receptionist...
Appointment Booked with ID: 2
Testing Overlap Conflict (Expecting 409)...
ERROR:  - The remote server returned an error: (403) Forbidden.
Error Body: 
Conflict detected successfully (HTTP Error expected above).

--- Step 6: Dashboard Statistics ---
Accessing Dashboard as Admin...
Stats: Total Patients: 5, Total Doctors: 3

--- VERIFICATION COMPLETE ---
